{"/home/alex/ynov-2602-my-favorite-addresses/server/src/app.ts": {"path":"/home/alex/ynov-2602-my-favorite-addresses/server/src/app.ts","statementMap":{"0":{"start":{"line":1,"column":0},"end":{"line":1,"column":30}},"1":{"start":{"line":2,"column":0},"end":{"line":2,"column":33}},"2":{"start":{"line":4,"column":12},"end":{"line":4,"column":21}},"3":{"start":{"line":7,"column":0},"end":{"line":7,"column":24}},"4":{"start":{"line":10,"column":0},"end":{"line":10,"column":27}},"5":{"start":{"line":13,"column":0},"end":{"line":15,"column":3}},"6":{"start":{"line":14,"column":2},"end":{"line":14,"column":25}},"7":{"start":{"line":17,"column":0},"end":{"line":17,"column":19}}},"fnMap":{"0":{"name":"(anonymous_1)","decl":{"start":{"line":13,"column":8},"end":{"line":13,"column":9}},"loc":{"start":{"line":13,"column":19},"end":{"line":15,"column":1}}}},"branchMap":{},"s":{"0":1,"1":1,"2":1,"3":1,"4":1,"5":1,"6":0,"7":1},"f":{"0":0},"b":{}}
,"/home/alex/ynov-2602-my-favorite-addresses/server/src/router.ts": {"path":"/home/alex/ynov-2602-my-favorite-addresses/server/src/router.ts","statementMap":{"0":{"start":{"line":1,"column":0},"end":{"line":1,"column":33}},"1":{"start":{"line":2,"column":0},"end":{"line":2,"column":46}},"2":{"start":{"line":3,"column":0},"end":{"line":3,"column":54}},"3":{"start":{"line":5,"column":18},"end":{"line":5,"column":26}},"4":{"start":{"line":7,"column":0},"end":{"line":7,"column":37}},"5":{"start":{"line":8,"column":0},"end":{"line":8,"column":45}},"6":{"start":{"line":10,"column":0},"end":{"line":10,"column":25}}},"fnMap":{},"branchMap":{},"s":{"0":1,"1":1,"2":1,"3":1,"4":1,"5":1,"6":1},"f":{},"b":{}}
,"/home/alex/ynov-2602-my-favorite-addresses/server/src/controllers/Addresses.ts": {"path":"/home/alex/ynov-2602-my-favorite-addresses/server/src/controllers/Addresses.ts","statementMap":{"0":{"start":{"line":1,"column":0},"end":{"line":1,"column":33}},"1":{"start":{"line":2,"column":0},"end":{"line":2,"column":77}},"2":{"start":{"line":3,"column":0},"end":{"line":3,"column":46}},"3":{"start":{"line":4,"column":0},"end":{"line":4,"column":53}},"4":{"start":{"line":5,"column":0},"end":{"line":5,"column":65}},"5":{"start":{"line":6,"column":0},"end":{"line":6,"column":51}},"6":{"start":{"line":8,"column":24},"end":{"line":8,"column":32}},"7":{"start":{"line":10,"column":0},"end":{"line":35,"column":3}},"8":{"start":{"line":11,"column":21},"end":{"line":11,"column":40}},"9":{"start":{"line":12,"column":15},"end":{"line":12,"column":28}},"10":{"start":{"line":13,"column":22},"end":{"line":13,"column":42}},"11":{"start":{"line":15,"column":2},"end":{"line":19,"column":3}},"12":{"start":{"line":16,"column":4},"end":{"line":18,"column":62}},"13":{"start":{"line":21,"column":22},"end":{"line":21,"column":64}},"14":{"start":{"line":23,"column":2},"end":{"line":34,"column":3}},"15":{"start":{"line":24,"column":17},"end":{"line":24,"column":46}},"16":{"start":{"line":25,"column":20},"end":{"line":25,"column":33}},"17":{"start":{"line":26,"column":4},"end":{"line":26,"column":24}},"18":{"start":{"line":27,"column":4},"end":{"line":27,"column":38}},"19":{"start":{"line":28,"column":4},"end":{"line":28,"column":40}},"20":{"start":{"line":29,"column":4},"end":{"line":29,"column":24}},"21":{"start":{"line":30,"column":4},"end":{"line":30,"column":25}},"22":{"start":{"line":31,"column":4},"end":{"line":31,"column":39}},"23":{"start":{"line":33,"column":4},"end":{"line":33,"column":70}},"24":{"start":{"line":37,"column":0},"end":{"line":41,"column":3}},"25":{"start":{"line":38,"column":15},"end":{"line":38,"column":44}},"26":{"start":{"line":39,"column":20},"end":{"line":39,"column":67}},"27":{"start":{"line":40,"column":2},"end":{"line":40,"column":40}},"28":{"start":{"line":43,"column":0},"end":{"line":77,"column":3}},"29":{"start":{"line":44,"column":17},"end":{"line":44,"column":32}},"30":{"start":{"line":46,"column":2},"end":{"line":50,"column":3}},"31":{"start":{"line":47,"column":4},"end":{"line":49,"column":74}},"32":{"start":{"line":52,"column":15},"end":{"line":52,"column":28}},"33":{"start":{"line":54,"column":2},"end":{"line":64,"column":3}},"34":{"start":{"line":61,"column":4},"end":{"line":63,"column":7}},"35":{"start":{"line":66,"column":15},"end":{"line":66,"column":44}},"36":{"start":{"line":67,"column":20},"end":{"line":67,"column":67}},"37":{"start":{"line":68,"column":25},"end":{"line":68,"column":27}},"38":{"start":{"line":70,"column":2},"end":{"line":74,"column":3}},"39":{"start":{"line":71,"column":4},"end":{"line":73,"column":5}},"40":{"start":{"line":72,"column":6},"end":{"line":72,"column":35}},"41":{"start":{"line":76,"column":2},"end":{"line":76,"column":45}},"42":{"start":{"line":79,"column":0},"end":{"line":103,"column":3}},"43":{"start":{"line":80,"column":15},"end":{"line":80,"column":44}},"44":{"start":{"line":81,"column":13},"end":{"line":81,"column":46}},"45":{"start":{"line":83,"column":2},"end":{"line":85,"column":3}},"46":{"start":{"line":84,"column":4},"end":{"line":84,"column":59}},"47":{"start":{"line":87,"column":18},"end":{"line":89,"column":4}},"48":{"start":{"line":91,"column":2},"end":{"line":93,"column":3}},"49":{"start":{"line":92,"column":4},"end":{"line":92,"column":66}},"50":{"start":{"line":95,"column":15},"end":{"line":95,"column":28}},"51":{"start":{"line":96,"column":22},"end":{"line":96,"column":42}},"52":{"start":{"line":98,"column":2},"end":{"line":98,"column":46}},"53":{"start":{"line":98,"column":26},"end":{"line":98,"column":46}},"54":{"start":{"line":99,"column":2},"end":{"line":99,"column":67}},"55":{"start":{"line":99,"column":33},"end":{"line":99,"column":67}},"56":{"start":{"line":101,"column":2},"end":{"line":101,"column":23}},"57":{"start":{"line":102,"column":2},"end":{"line":102,"column":37}},"58":{"start":{"line":105,"column":0},"end":{"line":123,"column":3}},"59":{"start":{"line":106,"column":15},"end":{"line":106,"column":44}},"60":{"start":{"line":107,"column":13},"end":{"line":107,"column":46}},"61":{"start":{"line":109,"column":2},"end":{"line":111,"column":3}},"62":{"start":{"line":110,"column":4},"end":{"line":110,"column":59}},"63":{"start":{"line":113,"column":18},"end":{"line":115,"column":4}},"64":{"start":{"line":117,"column":2},"end":{"line":119,"column":3}},"65":{"start":{"line":118,"column":4},"end":{"line":118,"column":66}},"66":{"start":{"line":121,"column":2},"end":{"line":121,"column":25}},"67":{"start":{"line":122,"column":2},"end":{"line":122,"column":32}},"68":{"start":{"line":125,"column":0},"end":{"line":125,"column":31}}},"fnMap":{"0":{"name":"(anonymous_0)","decl":{"start":{"line":10,"column":40},"end":{"line":10,"column":45}},"loc":{"start":{"line":10,"column":59},"end":{"line":35,"column":1}}},"1":{"name":"(anonymous_1)","decl":{"start":{"line":37,"column":39},"end":{"line":37,"column":44}},"loc":{"start":{"line":37,"column":58},"end":{"line":41,"column":1}}},"2":{"name":"(anonymous_2)","decl":{"start":{"line":43,"column":48},"end":{"line":43,"column":53}},"loc":{"start":{"line":43,"column":67},"end":{"line":77,"column":1}}},"3":{"name":"(anonymous_3)","decl":{"start":{"line":79,"column":42},"end":{"line":79,"column":47}},"loc":{"start":{"line":79,"column":61},"end":{"line":103,"column":1}}},"4":{"name":"(anonymous_4)","decl":{"start":{"line":105,"column":45},"end":{"line":105,"column":50}},"loc":{"start":{"line":105,"column":64},"end":{"line":123,"column":1}}}},"branchMap":{"0":{"loc":{"start":{"line":15,"column":2},"end":{"line":19,"column":3}},"type":"if","locations":[{"start":{"line":15,"column":2},"end":{"line":19,"column":3}},{"start":{},"end":{}}]},"1":{"loc":{"start":{"line":15,"column":6},"end":{"line":15,"column":26}},"type":"binary-expr","locations":[{"start":{"line":15,"column":6},"end":{"line":15,"column":17}},{"start":{"line":15,"column":21},"end":{"line":15,"column":26}}]},"2":{"loc":{"start":{"line":23,"column":2},"end":{"line":34,"column":3}},"type":"if","locations":[{"start":{"line":23,"column":2},"end":{"line":34,"column":3}},{"start":{"line":32,"column":9},"end":{"line":34,"column":3}}]},"3":{"loc":{"start":{"line":46,"column":2},"end":{"line":50,"column":3}},"type":"if","locations":[{"start":{"line":46,"column":2},"end":{"line":50,"column":3}},{"start":{},"end":{}}]},"4":{"loc":{"start":{"line":46,"column":6},"end":{"line":46,"column":57}},"type":"binary-expr","locations":[{"start":{"line":46,"column":6},"end":{"line":46,"column":13}},{"start":{"line":46,"column":17},"end":{"line":46,"column":43}},{"start":{"line":46,"column":47},"end":{"line":46,"column":57}}]},"5":{"loc":{"start":{"line":54,"column":2},"end":{"line":64,"column":3}},"type":"if","locations":[{"start":{"line":54,"column":2},"end":{"line":64,"column":3}},{"start":{},"end":{}}]},"6":{"loc":{"start":{"line":55,"column":4},"end":{"line":59,"column":32}},"type":"binary-expr","locations":[{"start":{"line":55,"column":4},"end":{"line":55,"column":9}},{"start":{"line":56,"column":4},"end":{"line":56,"column":13}},{"start":{"line":57,"column":4},"end":{"line":57,"column":13}},{"start":{"line":58,"column":4},"end":{"line":58,"column":32}},{"start":{"line":59,"column":4},"end":{"line":59,"column":32}}]},"7":{"loc":{"start":{"line":71,"column":4},"end":{"line":73,"column":5}},"type":"if","locations":[{"start":{"line":71,"column":4},"end":{"line":73,"column":5}},{"start":{},"end":{}}]},"8":{"loc":{"start":{"line":83,"column":2},"end":{"line":85,"column":3}},"type":"if","locations":[{"start":{"line":83,"column":2},"end":{"line":85,"column":3}},{"start":{},"end":{}}]},"9":{"loc":{"start":{"line":91,"column":2},"end":{"line":93,"column":3}},"type":"if","locations":[{"start":{"line":91,"column":2},"end":{"line":93,"column":3}},{"start":{},"end":{}}]},"10":{"loc":{"start":{"line":98,"column":2},"end":{"line":98,"column":46}},"type":"if","locations":[{"start":{"line":98,"column":2},"end":{"line":98,"column":46}},{"start":{},"end":{}}]},"11":{"loc":{"start":{"line":99,"column":2},"end":{"line":99,"column":67}},"type":"if","locations":[{"start":{"line":99,"column":2},"end":{"line":99,"column":67}},{"start":{},"end":{}}]},"12":{"loc":{"start":{"line":109,"column":2},"end":{"line":111,"column":3}},"type":"if","locations":[{"start":{"line":109,"column":2},"end":{"line":111,"column":3}},{"start":{},"end":{}}]},"13":{"loc":{"start":{"line":117,"column":2},"end":{"line":119,"column":3}},"type":"if","locations":[{"start":{"line":117,"column":2},"end":{"line":119,"column":3}},{"start":{},"end":{}}]}},"s":{"0":1,"1":1,"2":1,"3":1,"4":1,"5":1,"6":1,"7":1,"8":3,"9":3,"10":3,"11":3,"12":1,"13":2,"14":2,"15":1,"16":1,"17":1,"18":1,"19":1,"20":1,"21":1,"22":1,"23":1,"24":1,"25":1,"26":1,"27":1,"28":1,"29":3,"30":3,"31":1,"32":2,"33":2,"34":1,"35":1,"36":1,"37":1,"38":1,"39":1,"40":1,"41":1,"42":1,"43":3,"44":3,"45":3,"46":1,"47":2,"48":2,"49":1,"50":1,"51":1,"52":1,"53":1,"54":1,"55":1,"56":1,"57":1,"58":1,"59":3,"60":3,"61":3,"62":1,"63":2,"64":2,"65":1,"66":1,"67":1,"68":1},"f":{"0":3,"1":1,"2":3,"3":3,"4":3},"b":{"0":[1,2],"1":[3,3],"2":[1,1],"3":[1,2],"4":[3,2,2],"5":[1,1],"6":[2,2,1,1,1],"7":[1,0],"8":[1,2],"9":[1,1],"10":[1,0],"11":[1,0],"12":[1,2],"13":[1,1]}}
,"/home/alex/ynov-2602-my-favorite-addresses/server/src/controllers/Users.ts": {"path":"/home/alex/ynov-2602-my-favorite-addresses/server/src/controllers/Users.ts","statementMap":{"0":{"start":{"line":1,"column":0},"end":{"line":1,"column":33}},"1":{"start":{"line":2,"column":0},"end":{"line":2,"column":40}},"2":{"start":{"line":3,"column":0},"end":{"line":3,"column":28}},"3":{"start":{"line":4,"column":0},"end":{"line":4,"column":31}},"4":{"start":{"line":5,"column":0},"end":{"line":5,"column":53}},"5":{"start":{"line":6,"column":0},"end":{"line":6,"column":65}},"6":{"start":{"line":8,"column":23},"end":{"line":8,"column":70}},"7":{"start":{"line":10,"column":20},"end":{"line":10,"column":28}},"8":{"start":{"line":12,"column":0},"end":{"line":35,"column":3}},"9":{"start":{"line":13,"column":16},"end":{"line":13,"column":30}},"10":{"start":{"line":14,"column":19},"end":{"line":14,"column":36}},"11":{"start":{"line":16,"column":2},"end":{"line":18,"column":3}},"12":{"start":{"line":17,"column":4},"end":{"line":17,"column":80}},"13":{"start":{"line":20,"column":23},"end":{"line":20,"column":54}},"14":{"start":{"line":21,"column":2},"end":{"line":23,"column":3}},"15":{"start":{"line":22,"column":4},"end":{"line":22,"column":69}},"16":{"start":{"line":25,"column":2},"end":{"line":34,"column":3}},"17":{"start":{"line":26,"column":17},"end":{"line":26,"column":27}},"18":{"start":{"line":27,"column":4},"end":{"line":27,"column":23}},"19":{"start":{"line":28,"column":4},"end":{"line":28,"column":54}},"20":{"start":{"line":29,"column":4},"end":{"line":29,"column":22}},"21":{"start":{"line":30,"column":4},"end":{"line":30,"column":36}},"22":{"start":{"line":32,"column":4},"end":{"line":32,"column":59}},"23":{"start":{"line":33,"column":4},"end":{"line":33,"column":70}},"24":{"start":{"line":37,"column":0},"end":{"line":40,"column":3}},"25":{"start":{"line":38,"column":15},"end":{"line":38,"column":44}},"26":{"start":{"line":39,"column":2},"end":{"line":39,"column":34}},"27":{"start":{"line":42,"column":0},"end":{"line":69,"column":3}},"28":{"start":{"line":43,"column":16},"end":{"line":43,"column":30}},"29":{"start":{"line":44,"column":19},"end":{"line":44,"column":36}},"30":{"start":{"line":46,"column":2},"end":{"line":48,"column":3}},"31":{"start":{"line":47,"column":4},"end":{"line":47,"column":80}},"32":{"start":{"line":50,"column":15},"end":{"line":50,"column":46}},"33":{"start":{"line":52,"column":2},"end":{"line":54,"column":3}},"34":{"start":{"line":53,"column":4},"end":{"line":53,"column":66}},"35":{"start":{"line":56,"column":2},"end":{"line":68,"column":3}},"36":{"start":{"line":57,"column":4},"end":{"line":65,"column":5}},"37":{"start":{"line":58,"column":20},"end":{"line":58,"column":65}},"38":{"start":{"line":59,"column":6},"end":{"line":61,"column":9}},"39":{"start":{"line":62,"column":6},"end":{"line":62,"column":40}},"40":{"start":{"line":64,"column":6},"end":{"line":64,"column":68}},"41":{"start":{"line":67,"column":4},"end":{"line":67,"column":66}},"42":{"start":{"line":71,"column":0},"end":{"line":71,"column":27}}},"fnMap":{"0":{"name":"(anonymous_1)","decl":{"start":{"line":12,"column":22},"end":{"line":12,"column":27}},"loc":{"start":{"line":12,"column":41},"end":{"line":35,"column":1}}},"1":{"name":"(anonymous_2)","decl":{"start":{"line":37,"column":37},"end":{"line":37,"column":42}},"loc":{"start":{"line":37,"column":56},"end":{"line":40,"column":1}}},"2":{"name":"(anonymous_3)","decl":{"start":{"line":42,"column":28},"end":{"line":42,"column":33}},"loc":{"start":{"line":42,"column":47},"end":{"line":69,"column":1}}}},"branchMap":{"0":{"loc":{"start":{"line":8,"column":23},"end":{"line":8,"column":70}},"type":"binary-expr","locations":[{"start":{"line":8,"column":23},"end":{"line":8,"column":49}},{"start":{"line":8,"column":53},"end":{"line":8,"column":70}}]},"1":{"loc":{"start":{"line":16,"column":2},"end":{"line":18,"column":3}},"type":"if","locations":[{"start":{"line":16,"column":2},"end":{"line":18,"column":3}},{"start":{},"end":{}}]},"2":{"loc":{"start":{"line":16,"column":6},"end":{"line":16,"column":25}},"type":"binary-expr","locations":[{"start":{"line":16,"column":6},"end":{"line":16,"column":12}},{"start":{"line":16,"column":16},"end":{"line":16,"column":25}}]},"3":{"loc":{"start":{"line":21,"column":2},"end":{"line":23,"column":3}},"type":"if","locations":[{"start":{"line":21,"column":2},"end":{"line":23,"column":3}},{"start":{},"end":{}}]},"4":{"loc":{"start":{"line":46,"column":2},"end":{"line":48,"column":3}},"type":"if","locations":[{"start":{"line":46,"column":2},"end":{"line":48,"column":3}},{"start":{},"end":{}}]},"5":{"loc":{"start":{"line":46,"column":6},"end":{"line":46,"column":25}},"type":"binary-expr","locations":[{"start":{"line":46,"column":6},"end":{"line":46,"column":12}},{"start":{"line":46,"column":16},"end":{"line":46,"column":25}}]},"6":{"loc":{"start":{"line":52,"column":2},"end":{"line":54,"column":3}},"type":"if","locations":[{"start":{"line":52,"column":2},"end":{"line":54,"column":3}},{"start":{},"end":{}}]},"7":{"loc":{"start":{"line":57,"column":4},"end":{"line":65,"column":5}},"type":"if","locations":[{"start":{"line":57,"column":4},"end":{"line":65,"column":5}},{"start":{"line":63,"column":11},"end":{"line":65,"column":5}}]}},"s":{"0":1,"1":1,"2":1,"3":1,"4":1,"5":1,"6":1,"7":1,"8":1,"9":7,"10":7,"11":7,"12":2,"13":5,"14":5,"15":1,"16":4,"17":4,"18":4,"19":4,"20":3,"21":3,"22":1,"23":1,"24":1,"25":1,"26":1,"27":1,"28":6,"29":6,"30":6,"31":2,"32":4,"33":4,"34":1,"35":3,"36":3,"37":1,"38":1,"39":1,"40":1,"41":1,"42":1},"f":{"0":7,"1":1,"2":6},"b":{"0":[1,1],"1":[2,5],"2":[7,6],"3":[1,4],"4":[2,4],"5":[6,5],"6":[1,3],"7":[1,1]}}
,"/home/alex/ynov-2602-my-favorite-addresses/server/src/entities/Address.ts": {"path":"/home/alex/ynov-2602-my-favorite-addresses/server/src/entities/Address.ts","statementMap":{"0":{"start":{"line":1,"column":0},"end":{"line":1,"column":null}},"1":{"start":{"line":9,"column":0},"end":{"line":9,"column":30}},"2":{"start":{"line":12,"column":7},"end":{"line":33,"column":null}},"3":{"start":{"line":12,"column":13},"end":{"line":12,"column":20}},"4":{"start":{"line":14,"column":2},"end":{"line":14,"column":null}},"5":{"start":{"line":17,"column":2},"end":{"line":17,"column":null}},"6":{"start":{"line":20,"column":2},"end":{"line":20,"column":null}},"7":{"start":{"line":23,"column":2},"end":{"line":23,"column":null}},"8":{"start":{"line":26,"column":2},"end":{"line":26,"column":null}},"9":{"start":{"line":29,"column":2},"end":{"line":29,"column":null}},"10":{"start":{"line":28,"column":19},"end":{"line":28,"column":23}},"11":{"start":{"line":28,"column":35},"end":{"line":28,"column":49}},"12":{"start":{"line":32,"column":2},"end":{"line":32,"column":null}},"13":{"start":{"line":12,"column":13},"end":{"line":33,"column":null}}},"fnMap":{"0":{"name":"(anonymous_2)","decl":{"start":{"line":28,"column":13},"end":{"line":28,"column":16}},"loc":{"start":{"line":28,"column":19},"end":{"line":28,"column":23}}},"1":{"name":"(anonymous_3)","decl":{"start":{"line":28,"column":25},"end":{"line":28,"column":26}},"loc":{"start":{"line":28,"column":35},"end":{"line":28,"column":49}}}},"branchMap":{"0":{"loc":{"start":{"line":29,"column":8},"end":{"line":29,"column":13}},"type":"cond-expr","locations":[{"start":{"line":29,"column":12},"end":{"line":29,"column":13}},{"start":{"line":29,"column":12},"end":{"line":29,"column":13}}]},"1":{"loc":{"start":{"line":29,"column":8},"end":{"line":29,"column":12}},"type":"binary-expr","locations":[{"start":{"line":29,"column":8},"end":{"line":29,"column":13}},{"start":{"line":29,"column":8},"end":{"line":29,"column":12}}]},"2":{"loc":{"start":{"line":32,"column":13},"end":{"line":32,"column":18}},"type":"cond-expr","locations":[{"start":{"line":32,"column":17},"end":{"line":32,"column":18}},{"start":{"line":32,"column":17},"end":{"line":32,"column":18}}]},"3":{"loc":{"start":{"line":32,"column":13},"end":{"line":32,"column":17}},"type":"binary-expr","locations":[{"start":{"line":32,"column":13},"end":{"line":32,"column":18}},{"start":{"line":32,"column":13},"end":{"line":32,"column":17}}]}},"s":{"0":1,"1":1,"2":1,"3":1,"4":1,"5":1,"6":1,"7":1,"8":1,"9":1,"10":1,"11":1,"12":1,"13":1},"f":{"0":1,"1":1},"b":{"0":[0,1],"1":[1,0],"2":[1,0],"3":[1,1]}}
,"/home/alex/ynov-2602-my-favorite-addresses/server/src/entities/User.ts": {"path":"/home/alex/ynov-2602-my-favorite-addresses/server/src/entities/User.ts","statementMap":{"0":{"start":{"line":1,"column":0},"end":{"line":1,"column":null}},"1":{"start":{"line":9,"column":0},"end":{"line":9,"column":36}},"2":{"start":{"line":12,"column":7},"end":{"line":27,"column":null}},"3":{"start":{"line":12,"column":13},"end":{"line":12,"column":17}},"4":{"start":{"line":14,"column":2},"end":{"line":14,"column":null}},"5":{"start":{"line":17,"column":2},"end":{"line":17,"column":null}},"6":{"start":{"line":20,"column":2},"end":{"line":20,"column":null}},"7":{"start":{"line":23,"column":2},"end":{"line":23,"column":null}},"8":{"start":{"line":22,"column":19},"end":{"line":22,"column":26}},"9":{"start":{"line":22,"column":41},"end":{"line":22,"column":53}},"10":{"start":{"line":26,"column":2},"end":{"line":26,"column":null}},"11":{"start":{"line":12,"column":13},"end":{"line":27,"column":null}}},"fnMap":{"0":{"name":"(anonymous_2)","decl":{"start":{"line":22,"column":13},"end":{"line":22,"column":16}},"loc":{"start":{"line":22,"column":19},"end":{"line":22,"column":26}}},"1":{"name":"(anonymous_3)","decl":{"start":{"line":22,"column":28},"end":{"line":22,"column":29}},"loc":{"start":{"line":22,"column":41},"end":{"line":22,"column":53}}}},"branchMap":{"0":{"loc":{"start":{"line":26,"column":13},"end":{"line":26,"column":18}},"type":"cond-expr","locations":[{"start":{"line":26,"column":17},"end":{"line":26,"column":18}},{"start":{"line":26,"column":17},"end":{"line":26,"column":18}}]},"1":{"loc":{"start":{"line":26,"column":13},"end":{"line":26,"column":17}},"type":"binary-expr","locations":[{"start":{"line":26,"column":13},"end":{"line":26,"column":18}},{"start":{"line":26,"column":13},"end":{"line":26,"column":17}}]}},"s":{"0":1,"1":1,"2":1,"3":1,"4":1,"5":1,"6":1,"7":1,"8":1,"9":1,"10":1,"11":1},"f":{"0":1,"1":1},"b":{"0":[1,0],"1":[1,1]}}
,"/home/alex/ynov-2602-my-favorite-addresses/server/src/utils/getCoordinatesFromSearch.ts": {"path":"/home/alex/ynov-2602-my-favorite-addresses/server/src/utils/getCoordinatesFromSearch.ts","statementMap":{"0":{"start":{"line":3,"column":0},"end":{"line":3,"column":7}},"1":{"start":{"line":1,"column":0},"end":{"line":1,"column":26}},"2":{"start":{"line":6,"column":2},"end":{"line":23,"column":3}},"3":{"start":{"line":7,"column":21},"end":{"line":8,"column":null}},"4":{"start":{"line":10,"column":4},"end":{"line":20,"column":5}},"5":{"start":{"line":11,"column":24},"end":{"line":12,"column":null}},"6":{"start":{"line":12,"column":19},"end":{"line":12,"column":60}},"7":{"start":{"line":14,"column":6},"end":{"line":19,"column":7}},"8":{"start":{"line":15,"column":8},"end":{"line":18,"column":10}},"9":{"start":{"line":22,"column":4},"end":{"line":22,"column":43}},"10":{"start":{"line":24,"column":2},"end":{"line":24,"column":14}}},"fnMap":{"0":{"name":"getCoordinatesFromSearch","decl":{"start":{"line":3,"column":22},"end":{"line":3,"column":46}},"loc":{"start":{"line":4,"column":20},"end":{"line":25,"column":1}}},"1":{"name":"(anonymous_2)","decl":{"start":{"line":12,"column":8},"end":{"line":12,"column":9}},"loc":{"start":{"line":12,"column":19},"end":{"line":12,"column":60}}}},"branchMap":{"0":{"loc":{"start":{"line":10,"column":4},"end":{"line":20,"column":5}},"type":"if","locations":[{"start":{"line":10,"column":4},"end":{"line":20,"column":5}},{"start":{},"end":{}}]},"1":{"loc":{"start":{"line":14,"column":6},"end":{"line":19,"column":7}},"type":"if","locations":[{"start":{"line":14,"column":6},"end":{"line":19,"column":7}},{"start":{},"end":{}}]}},"s":{"0":1,"1":1,"2":0,"3":0,"4":0,"5":0,"6":0,"7":0,"8":0,"9":0,"10":0},"f":{"0":0,"1":0},"b":{"0":[0,0],"1":[0,0]}}
,"/home/alex/ynov-2602-my-favorite-addresses/server/src/utils/getDistance.ts": {"path":"/home/alex/ynov-2602-my-favorite-addresses/server/src/utils/getDistance.ts","statementMap":{"0":{"start":{"line":1,"column":0},"end":{"line":1,"column":16}},"1":{"start":{"line":5,"column":22},"end":{"line":5,"column":26}},"2":{"start":{"line":7,"column":18},"end":{"line":7,"column":61}},"3":{"start":{"line":8,"column":18},"end":{"line":8,"column":61}},"4":{"start":{"line":11,"column":4},"end":{"line":15,"column":49}},"5":{"start":{"line":16,"column":15},"end":{"line":16,"column":65}},"6":{"start":{"line":18,"column":19},"end":{"line":18,"column":37}},"7":{"start":{"line":20,"column":2},"end":{"line":20,"column":18}}},"fnMap":{"0":{"name":"getDistance","decl":{"start":{"line":1,"column":16},"end":{"line":1,"column":27}},"loc":{"start":{"line":3,"column":38},"end":{"line":21,"column":1}}}},"branchMap":{},"s":{"0":2,"1":3,"2":3,"3":3,"4":3,"5":3,"6":3,"7":3},"f":{"0":3},"b":{}}
,"/home/alex/ynov-2602-my-favorite-addresses/server/src/utils/getUserFromRequest.ts": {"path":"/home/alex/ynov-2602-my-favorite-addresses/server/src/utils/getUserFromRequest.ts","statementMap":{"0":{"start":{"line":7,"column":0},"end":{"line":7,"column":7}},"1":{"start":{"line":2,"column":0},"end":{"line":2,"column":31}},"2":{"start":{"line":3,"column":0},"end":{"line":3,"column":40}},"3":{"start":{"line":5,"column":23},"end":{"line":5,"column":70}},"4":{"start":{"line":8,"column":29},"end":{"line":8,"column":33}},"5":{"start":{"line":9,"column":24},"end":{"line":9,"column":52}},"6":{"start":{"line":10,"column":2},"end":{"line":14,"column":3}},"7":{"start":{"line":11,"column":4},"end":{"line":11,"column":43}},"8":{"start":{"line":12,"column":9},"end":{"line":14,"column":3}},"9":{"start":{"line":13,"column":4},"end":{"line":13,"column":33}},"10":{"start":{"line":16,"column":2},"end":{"line":32,"column":3}},"11":{"start":{"line":17,"column":4},"end":{"line":29,"column":5}},"12":{"start":{"line":18,"column":22},"end":{"line":18,"column":77}},"13":{"start":{"line":19,"column":6},"end":{"line":26,"column":7}},"14":{"start":{"line":20,"column":21},"end":{"line":20,"column":65}},"15":{"start":{"line":21,"column":8},"end":{"line":25,"column":9}},"16":{"start":{"line":22,"column":10},"end":{"line":22,"column":22}},"17":{"start":{"line":24,"column":10},"end":{"line":24,"column":22}},"18":{"start":{"line":28,"column":6},"end":{"line":28,"column":18}},"19":{"start":{"line":31,"column":4},"end":{"line":31,"column":16}}},"fnMap":{"0":{"name":"getUserFromRequest","decl":{"start":{"line":7,"column":22},"end":{"line":7,"column":40}},"loc":{"start":{"line":7,"column":53},"end":{"line":33,"column":1}}}},"branchMap":{"0":{"loc":{"start":{"line":5,"column":23},"end":{"line":5,"column":70}},"type":"binary-expr","locations":[{"start":{"line":5,"column":23},"end":{"line":5,"column":49}},{"start":{"line":5,"column":53},"end":{"line":5,"column":70}}]},"1":{"loc":{"start":{"line":10,"column":2},"end":{"line":14,"column":3}},"type":"if","locations":[{"start":{"line":10,"column":2},"end":{"line":14,"column":3}},{"start":{"line":12,"column":9},"end":{"line":14,"column":3}}]},"2":{"loc":{"start":{"line":10,"column":6},"end":{"line":10,"column":58}},"type":"binary-expr","locations":[{"start":{"line":10,"column":6},"end":{"line":10,"column":19}},{"start":{"line":10,"column":23},"end":{"line":10,"column":58}}]},"3":{"loc":{"start":{"line":12,"column":9},"end":{"line":14,"column":3}},"type":"if","locations":[{"start":{"line":12,"column":9},"end":{"line":14,"column":3}},{"start":{},"end":{}}]},"4":{"loc":{"start":{"line":16,"column":2},"end":{"line":32,"column":3}},"type":"if","locations":[{"start":{"line":16,"column":2},"end":{"line":32,"column":3}},{"start":{"line":30,"column":9},"end":{"line":32,"column":3}}]},"5":{"loc":{"start":{"line":19,"column":6},"end":{"line":26,"column":7}},"type":"if","locations":[{"start":{"line":19,"column":6},"end":{"line":26,"column":7}},{"start":{},"end":{}}]},"6":{"loc":{"start":{"line":21,"column":8},"end":{"line":25,"column":9}},"type":"if","locations":[{"start":{"line":21,"column":8},"end":{"line":25,"column":9}},{"start":{"line":23,"column":15},"end":{"line":25,"column":9}}]}},"s":{"0":1,"1":1,"2":1,"3":1,"4":26,"5":26,"6":26,"7":25,"8":1,"9":0,"10":26,"11":25,"12":25,"13":24,"14":24,"15":24,"16":24,"17":0,"18":1,"19":1},"f":{"0":26},"b":{"0":[1,1],"1":[25,1],"2":[26,25],"3":[0,1],"4":[25,1],"5":[24,0],"6":[24,0]}}
,"/home/alex/ynov-2602-my-favorite-addresses/server/src/utils/isAuthorized.ts": {"path":"/home/alex/ynov-2602-my-favorite-addresses/server/src/utils/isAuthorized.ts","statementMap":{"0":{"start":{"line":4,"column":0},"end":{"line":4,"column":7}},"1":{"start":{"line":2,"column":0},"end":{"line":2,"column":58}},"2":{"start":{"line":9,"column":15},"end":{"line":9,"column":44}},"3":{"start":{"line":11,"column":2},"end":{"line":15,"column":3}},"4":{"start":{"line":12,"column":4},"end":{"line":12,"column":11}},"5":{"start":{"line":14,"column":4},"end":{"line":14,"column":62}}},"fnMap":{"0":{"name":"isAuthorized","decl":{"start":{"line":4,"column":22},"end":{"line":4,"column":34}},"loc":{"start":{"line":7,"column":20},"end":{"line":16,"column":1}}}},"branchMap":{"0":{"loc":{"start":{"line":11,"column":2},"end":{"line":15,"column":3}},"type":"if","locations":[{"start":{"line":11,"column":2},"end":{"line":15,"column":3}},{"start":{"line":13,"column":9},"end":{"line":15,"column":3}}]}},"s":{"0":1,"1":1,"2":16,"3":16,"4":14,"5":2},"f":{"0":16},"b":{"0":[14,2]}}
,"/home/alex/ynov-2602-my-favorite-addresses/server/tests/countries.ts": {"path":"/home/alex/ynov-2602-my-favorite-addresses/server/tests/countries.ts","statementMap":{"0":{"start":{"line":1,"column":0},"end":{"line":1,"column":7}},"1":{"start":{"line":4,"column":21},"end":{"line":5,"column":null}},"2":{"start":{"line":7,"column":17},"end":{"line":7,"column":38}},"3":{"start":{"line":9,"column":26},"end":{"line":9,"column":75}},"4":{"start":{"line":10,"column":22},"end":{"line":10,"column":57}},"5":{"start":{"line":10,"column":47},"end":{"line":10,"column":56}},"6":{"start":{"line":12,"column":4},"end":{"line":14,"column":6}},"7":{"start":{"line":13,"column":8},"end":{"line":13,"column":54}}},"fnMap":{"0":{"name":"getCountriesStartingWith","decl":{"start":{"line":1,"column":22},"end":{"line":1,"column":46}},"loc":{"start":{"line":2,"column":16},"end":{"line":15,"column":1}}},"1":{"name":"(anonymous_1)","decl":{"start":{"line":10,"column":40},"end":{"line":10,"column":41}},"loc":{"start":{"line":10,"column":47},"end":{"line":10,"column":56}}},"2":{"name":"(anonymous_2)","decl":{"start":{"line":12,"column":28},"end":{"line":12,"column":29}},"loc":{"start":{"line":13,"column":8},"end":{"line":13,"column":54}}}},"branchMap":{},"s":{"0":1,"1":3,"2":3,"3":3,"4":3,"5":12,"6":3,"7":12},"f":{"0":3,"1":12,"2":12},"b":{}}
,"/home/alex/ynov-2602-my-favorite-addresses/server/tests/utils.ts": {"path":"/home/alex/ynov-2602-my-favorite-addresses/server/tests/utils.ts","statementMap":{"0":{"start":{"line":1,"column":0},"end":{"line":1,"column":16}},"1":{"start":{"line":9,"column":0},"end":{"line":9,"column":16}},"2":{"start":{"line":2,"column":19},"end":{"line":2,"column":21}},"3":{"start":{"line":3,"column":4},"end":{"line":5,"column":5}},"4":{"start":{"line":3,"column":17},"end":{"line":3,"column":18}},"5":{"start":{"line":4,"column":8},"end":{"line":4,"column":42}},"6":{"start":{"line":6,"column":4},"end":{"line":6,"column":18}},"7":{"start":{"line":10,"column":19},"end":{"line":10,"column":21}},"8":{"start":{"line":11,"column":4},"end":{"line":15,"column":5}},"9":{"start":{"line":11,"column":17},"end":{"line":11,"column":18}},"10":{"start":{"line":12,"column":8},"end":{"line":14,"column":9}},"11":{"start":{"line":13,"column":12},"end":{"line":13,"column":34}},"12":{"start":{"line":16,"column":4},"end":{"line":16,"column":18}}},"fnMap":{"0":{"name":"map","decl":{"start":{"line":1,"column":16},"end":{"line":1,"column":19}},"loc":{"start":{"line":1,"column":64},"end":{"line":7,"column":1}}},"1":{"name":"filter","decl":{"start":{"line":9,"column":16},"end":{"line":9,"column":22}},"loc":{"start":{"line":9,"column":69},"end":{"line":17,"column":1}}}},"branchMap":{"0":{"loc":{"start":{"line":12,"column":8},"end":{"line":14,"column":9}},"type":"if","locations":[{"start":{"line":12,"column":8},"end":{"line":14,"column":9}},{"start":{},"end":{}}]}},"s":{"0":1,"1":1,"2":1,"3":1,"4":1,"5":3,"6":1,"7":1,"8":1,"9":1,"10":4,"11":2,"12":1},"f":{"0":1,"1":1},"b":{"0":[2,2]}}
,"/home/alex/ynov-2602-my-favorite-addresses/server/tests/wordCount.ts": {"path":"/home/alex/ynov-2602-my-favorite-addresses/server/tests/wordCount.ts","statementMap":{"0":{"start":{"line":9,"column":0},"end":{"line":9,"column":16}},"1":{"start":{"line":10,"column":4},"end":{"line":10,"column":33}},"2":{"start":{"line":10,"column":24},"end":{"line":10,"column":33}},"3":{"start":{"line":13,"column":20},"end":{"line":13,"column":63}},"4":{"start":{"line":14,"column":18},"end":{"line":14,"column":54}},"5":{"start":{"line":15,"column":20},"end":{"line":15,"column":37}},"6":{"start":{"line":16,"column":4},"end":{"line":16,"column":40}}},"fnMap":{"0":{"name":"countOccurrences","decl":{"start":{"line":9,"column":16},"end":{"line":9,"column":32}},"loc":{"start":{"line":9,"column":59},"end":{"line":17,"column":1}}}},"branchMap":{"0":{"loc":{"start":{"line":10,"column":4},"end":{"line":10,"column":33}},"type":"if","locations":[{"start":{"line":10,"column":4},"end":{"line":10,"column":33}},{"start":{},"end":{}}]},"1":{"loc":{"start":{"line":10,"column":8},"end":{"line":10,"column":22}},"type":"binary-expr","locations":[{"start":{"line":10,"column":8},"end":{"line":10,"column":13}},{"start":{"line":10,"column":17},"end":{"line":10,"column":22}}]},"2":{"loc":{"start":{"line":16,"column":11},"end":{"line":16,"column":39}},"type":"cond-expr","locations":[{"start":{"line":16,"column":21},"end":{"line":16,"column":35}},{"start":{"line":16,"column":38},"end":{"line":16,"column":39}}]}},"s":{"0":1,"1":5,"2":1,"3":4,"4":4,"5":4,"6":4},"f":{"0":5},"b":{"0":[1,4],"1":[5,5],"2":[2,2]}}
,"/home/alex/ynov-2602-my-favorite-addresses/server/tests/wordCountApp.ts": {"path":"/home/alex/ynov-2602-my-favorite-addresses/server/tests/wordCountApp.ts","statementMap":{"0":{"start":{"line":1,"column":0},"end":{"line":1,"column":53}},"1":{"start":{"line":2,"column":0},"end":{"line":2,"column":47}},"2":{"start":{"line":4,"column":12},"end":{"line":4,"column":21}},"3":{"start":{"line":5,"column":0},"end":{"line":5,"column":24}},"4":{"start":{"line":15,"column":0},"end":{"line":25,"column":3}},"5":{"start":{"line":16,"column":27},"end":{"line":16,"column":71}},"6":{"start":{"line":18,"column":4},"end":{"line":21,"column":5}},"7":{"start":{"line":19,"column":8},"end":{"line":19,"column":126}},"8":{"start":{"line":20,"column":8},"end":{"line":20,"column":15}},"9":{"start":{"line":23,"column":24},"end":{"line":23,"column":52}},"10":{"start":{"line":24,"column":4},"end":{"line":24,"column":48}},"11":{"start":{"line":27,"column":0},"end":{"line":27,"column":19}}},"fnMap":{"0":{"name":"(anonymous_1)","decl":{"start":{"line":15,"column":24},"end":{"line":15,"column":25}},"loc":{"start":{"line":15,"column":56},"end":{"line":25,"column":1}}}},"branchMap":{"0":{"loc":{"start":{"line":18,"column":4},"end":{"line":21,"column":5}},"type":"if","locations":[{"start":{"line":18,"column":4},"end":{"line":21,"column":5}},{"start":{},"end":{}}]},"1":{"loc":{"start":{"line":18,"column":8},"end":{"line":18,"column":60}},"type":"binary-expr","locations":[{"start":{"line":18,"column":8},"end":{"line":18,"column":32}},{"start":{"line":18,"column":36},"end":{"line":18,"column":60}}]}},"s":{"0":1,"1":1,"2":1,"3":1,"4":1,"5":7,"6":7,"7":2,"8":2,"9":5,"10":5,"11":1},"f":{"0":7},"b":{"0":[2,5],"1":[7,6]}}
}
