TN:
SF:src/app.ts
FN:13,(anonymous_1)
FNF:1
FNH:0
FNDA:0,(anonymous_1)
DA:1,1
DA:2,1
DA:4,1
DA:7,1
DA:10,1
DA:13,1
DA:14,0
DA:17,1
LF:8
LH:7
BRF:0
BRH:0
end_of_record
TN:
SF:src/router.ts
FNF:0
FNH:0
DA:1,1
DA:2,1
DA:3,1
DA:5,1
DA:7,1
DA:8,1
DA:10,1
LF:7
LH:7
BRF:0
BRH:0
end_of_record
TN:
SF:src/controllers/Addresses.ts
FN:10,(anonymous_0)
FN:37,(anonymous_1)
FN:43,(anonymous_2)
FN:79,(anonymous_3)
FN:105,(anonymous_4)
FNF:5
FNH:5
FNDA:3,(anonymous_0)
FNDA:1,(anonymous_1)
FNDA:3,(anonymous_2)
FNDA:3,(anonymous_3)
FNDA:3,(anonymous_4)
DA:1,1
DA:2,1
DA:3,1
DA:4,1
DA:5,1
DA:6,1
DA:8,1
DA:10,1
DA:11,3
DA:12,3
DA:13,3
DA:15,3
DA:16,1
DA:21,2
DA:23,2
DA:24,1
DA:25,1
DA:26,1
DA:27,1
DA:28,1
DA:29,1
DA:30,1
DA:31,1
DA:33,1
DA:37,1
DA:38,1
DA:39,1
DA:40,1
DA:43,1
DA:44,3
DA:46,3
DA:47,1
DA:52,2
DA:54,2
DA:61,1
DA:66,1
DA:67,1
DA:68,1
DA:70,1
DA:71,1
DA:72,1
DA:76,1
DA:79,1
DA:80,3
DA:81,3
DA:83,3
DA:84,1
DA:87,2
DA:91,2
DA:92,1
DA:95,1
DA:96,1
DA:98,1
DA:99,1
DA:101,1
DA:102,1
DA:105,1
DA:106,3
DA:107,3
DA:109,3
DA:110,1
DA:113,2
DA:117,2
DA:118,1
DA:121,1
DA:122,1
DA:125,1
LF:67
LH:67
BRDA:15,0,0,1
BRDA:15,0,1,2
BRDA:15,1,0,3
BRDA:15,1,1,3
BRDA:23,2,0,1
BRDA:23,2,1,1
BRDA:46,3,0,1
BRDA:46,3,1,2
BRDA:46,4,0,3
BRDA:46,4,1,2
BRDA:46,4,2,2
BRDA:54,5,0,1
BRDA:54,5,1,1
BRDA:55,6,0,2
BRDA:55,6,1,2
BRDA:55,6,2,1
BRDA:55,6,3,1
BRDA:55,6,4,1
BRDA:71,7,0,1
BRDA:71,7,1,0
BRDA:83,8,0,1
BRDA:83,8,1,2
BRDA:91,9,0,1
BRDA:91,9,1,1
BRDA:98,10,0,1
BRDA:98,10,1,0
BRDA:99,11,0,1
BRDA:99,11,1,0
BRDA:109,12,0,1
BRDA:109,12,1,2
BRDA:117,13,0,1
BRDA:117,13,1,1
BRF:32
BRH:29
end_of_record
TN:
SF:src/controllers/Users.ts
FN:12,(anonymous_1)
FN:37,(anonymous_2)
FN:42,(anonymous_3)
FNF:3
FNH:3
FNDA:7,(anonymous_1)
FNDA:1,(anonymous_2)
FNDA:6,(anonymous_3)
DA:1,1
DA:2,1
DA:3,1
DA:4,1
DA:5,1
DA:6,1
DA:8,1
DA:10,1
DA:12,1
DA:13,7
DA:14,7
DA:16,7
DA:17,2
DA:20,5
DA:21,5
DA:22,1
DA:25,4
DA:26,4
DA:27,4
DA:28,4
DA:29,3
DA:30,3
DA:32,1
DA:33,1
DA:37,1
DA:38,1
DA:39,1
DA:42,1
DA:43,6
DA:44,6
DA:46,6
DA:47,2
DA:50,4
DA:52,4
DA:53,1
DA:56,3
DA:57,3
DA:58,1
DA:59,1
DA:62,1
DA:64,1
DA:67,1
DA:71,1
LF:43
LH:43
BRDA:8,0,0,1
BRDA:8,0,1,1
BRDA:16,1,0,2
BRDA:16,1,1,5
BRDA:16,2,0,7
BRDA:16,2,1,6
BRDA:21,3,0,1
BRDA:21,3,1,4
BRDA:46,4,0,2
BRDA:46,4,1,4
BRDA:46,5,0,6
BRDA:46,5,1,5
BRDA:52,6,0,1
BRDA:52,6,1,3
BRDA:57,7,0,1
BRDA:57,7,1,1
BRF:16
BRH:16
end_of_record
TN:
SF:src/entities/Address.ts
FN:28,(anonymous_2)
FN:28,(anonymous_3)
FNF:2
FNH:2
FNDA:1,(anonymous_2)
FNDA:1,(anonymous_3)
DA:1,1
DA:9,1
DA:12,1
DA:14,1
DA:17,1
DA:20,1
DA:23,1
DA:26,1
DA:28,1
DA:29,1
DA:32,1
LF:11
LH:11
BRDA:29,0,0,0
BRDA:29,0,1,1
BRDA:29,1,0,1
BRDA:29,1,1,0
BRDA:32,2,0,1
BRDA:32,2,1,0
BRDA:32,3,0,1
BRDA:32,3,1,1
BRF:8
BRH:5
end_of_record
TN:
SF:src/entities/User.ts
FN:22,(anonymous_2)
FN:22,(anonymous_3)
FNF:2
FNH:2
FNDA:1,(anonymous_2)
FNDA:1,(anonymous_3)
DA:1,1
DA:9,1
DA:12,1
DA:14,1
DA:17,1
DA:20,1
DA:22,1
DA:23,1
DA:26,1
LF:9
LH:9
BRDA:26,0,0,1
BRDA:26,0,1,0
BRDA:26,1,0,1
BRDA:26,1,1,1
BRF:4
BRH:3
end_of_record
TN:
SF:src/utils/getCoordinatesFromSearch.ts
FN:3,getCoordinatesFromSearch
FN:12,(anonymous_2)
FNF:2
FNH:0
FNDA:0,getCoordinatesFromSearch
FNDA:0,(anonymous_2)
DA:1,1
DA:3,1
DA:6,0
DA:7,0
DA:10,0
DA:11,0
DA:12,0
DA:14,0
DA:15,0
DA:22,0
DA:24,0
LF:11
LH:2
BRDA:10,0,0,0
BRDA:10,0,1,0
BRDA:14,1,0,0
BRDA:14,1,1,0
BRF:4
BRH:0
end_of_record
TN:
SF:src/utils/getDistance.ts
FN:1,getDistance
FNF:1
FNH:1
FNDA:3,getDistance
DA:1,2
DA:5,3
DA:7,3
DA:8,3
DA:11,3
DA:16,3
DA:18,3
DA:20,3
LF:8
LH:8
BRF:0
BRH:0
end_of_record
TN:
SF:src/utils/getUserFromRequest.ts
FN:7,getUserFromRequest
FNF:1
FNH:1
FNDA:26,getUserFromRequest
DA:2,1
DA:3,1
DA:5,1
DA:7,1
DA:8,26
DA:9,26
DA:10,26
DA:11,25
DA:12,1
DA:13,0
DA:16,26
DA:17,25
DA:18,25
DA:19,24
DA:20,24
DA:21,24
DA:22,24
DA:24,0
DA:28,1
DA:31,1
LF:20
LH:18
BRDA:5,0,0,1
BRDA:5,0,1,1
BRDA:10,1,0,25
BRDA:10,1,1,1
BRDA:10,2,0,26
BRDA:10,2,1,25
BRDA:12,3,0,0
BRDA:12,3,1,1
BRDA:16,4,0,25
BRDA:16,4,1,1
BRDA:19,5,0,24
BRDA:19,5,1,0
BRDA:21,6,0,24
BRDA:21,6,1,0
BRF:14
BRH:11
end_of_record
TN:
SF:src/utils/isAuthorized.ts
FN:4,isAuthorized
FNF:1
FNH:1
FNDA:16,isAuthorized
DA:2,1
DA:4,1
DA:9,16
DA:11,16
DA:12,14
DA:14,2
LF:6
LH:6
BRDA:11,0,0,14
BRDA:11,0,1,2
BRF:2
BRH:2
end_of_record
TN:
SF:tests/countries.ts
FN:1,getCountriesStartingWith
FN:10,(anonymous_1)
FN:12,(anonymous_2)
FNF:3
FNH:3
FNDA:3,getCountriesStartingWith
FNDA:12,(anonymous_1)
FNDA:12,(anonymous_2)
DA:1,1
DA:4,3
DA:7,3
DA:9,3
DA:10,12
DA:12,3
DA:13,12
LF:7
LH:7
BRF:0
BRH:0
end_of_record
TN:
SF:tests/utils.ts
FN:1,map
FN:9,filter
FNF:2
FNH:2
FNDA:1,map
FNDA:1,filter
DA:1,1
DA:2,1
DA:3,1
DA:4,3
DA:6,1
DA:9,1
DA:10,1
DA:11,1
DA:12,4
DA:13,2
DA:16,1
LF:11
LH:11
BRDA:12,0,0,2
BRDA:12,0,1,2
BRF:2
BRH:2
end_of_record
TN:
SF:tests/wordCount.ts
FN:9,countOccurrences
FNF:1
FNH:1
FNDA:5,countOccurrences
DA:9,1
DA:10,5
DA:13,4
DA:14,4
DA:15,4
DA:16,4
LF:6
LH:6
BRDA:10,0,0,1
BRDA:10,0,1,4
BRDA:10,1,0,5
BRDA:10,1,1,5
BRDA:16,2,0,2
BRDA:16,2,1,2
BRF:6
BRH:6
end_of_record
TN:
SF:tests/wordCountApp.ts
FN:15,(anonymous_1)
FNF:1
FNH:1
FNDA:7,(anonymous_1)
DA:1,1
DA:2,1
DA:4,1
DA:5,1
DA:15,1
DA:16,7
DA:18,7
DA:19,2
DA:20,2
DA:23,5
DA:24,5
DA:27,1
LF:12
LH:12
BRDA:18,0,0,2
BRDA:18,0,1,5
BRDA:18,1,0,7
BRDA:18,1,1,6
BRF:4
BRH:4
end_of_record
